<?xml version="1.0" encoding="UTF-8"?>
<testsuites name="maistra-test-tool-v2.4" tests="112" failures="1" errors="0" time="1916.968468">
	<testsuite tests="1" failures="0" time="1.388000" name="pkg/tests/non-dependant" timestamp="2023-07-17T06:37:58Z">
		<properties>
			<property name="go.version" value="go1.20.3 linux/amd64"></property>
		</properties>
		<testcase classname="pkg/tests/non-dependant" name="v2.4/TestSMCPMultiple" time="0.000000">
			<skipped message="=== RUN   TestSMCPMultiple&#xA;    test.go:112: This test is being skipped because it is not part of the &#34;interop&#34; test group&#xA;--- SKIP: TestSMCPMultiple (0.00s)&#xA;"></skipped>
		</testcase>
	</testsuite>
	<testsuite tests="20" failures="0" time="376.048000" name="pkg/tests/ossm" timestamp="2023-07-17T06:37:58Z">
		<properties>
			<property name="go.version" value="go1.20.3 linux/amd64"></property>
		</properties>
		<testcase classname="pkg/tests/ossm" name="v2.4/TestIstiodPodFailsAfterRestarts" time="0.000000">
			<skipped message="=== RUN   TestIstiodPodFailsAfterRestarts&#xA;    test.go:112: This test is being skipped because it is not part of the &#34;interop&#34; test group&#xA;--- SKIP: TestIstiodPodFailsAfterRestarts (0.00s)&#xA;"></skipped>
		</testcase>
		<testcase classname="pkg/tests/ossm" name="v2.4/TestDeployOnInfraNodes" time="0.000000">
			<skipped message="=== RUN   TestDeployOnInfraNodes&#xA;    test.go:112: This test is being skipped because it is not part of the &#34;interop&#34; test group&#xA;--- SKIP: TestDeployOnInfraNodes (0.00s)&#xA;"></skipped>
		</testcase>
		<testcase classname="pkg/tests/ossm" name="v2.4/TestDiscoverySelectors" time="0.000000">
			<skipped message="=== RUN   TestDiscoverySelectors&#xA;    test.go:112: This test is being skipped because it is not part of the &#34;interop&#34; test group&#xA;--- SKIP: TestDiscoverySelectors (0.00s)&#xA;"></skipped>
		</testcase>
		<testcase classname="pkg/tests/ossm" name="v2.4/TestInitContainerNotRemovedDuringInjection" time="0.000000">
			<skipped message="=== RUN   TestInitContainerNotRemovedDuringInjection&#xA;    test.go:112: This test is being skipped because it is not part of the &#34;interop&#34; test group&#xA;--- SKIP: TestInitContainerNotRemovedDuringInjection (0.00s)&#xA;"></skipped>
		</testcase>
		<testcase classname="pkg/tests/ossm" name="v2.4/TestIOR" time="0.000000">
			<skipped message="=== RUN   TestIOR&#xA;    test.go:112: This test is being skipped because it is not part of the &#34;interop&#34; test group&#xA;--- SKIP: TestIOR (0.00s)&#xA;"></skipped>
		</testcase>
		<testcase classname="pkg/tests/ossm" name="v2.4/TestOperatorCanUpdatePrometheusConfigMap" time="0.000000">
			<skipped message="=== RUN   TestOperatorCanUpdatePrometheusConfigMap&#xA;    test.go:112: This test is being skipped because it is not part of the &#34;interop&#34; test group&#xA;--- SKIP: TestOperatorCanUpdatePrometheusConfigMap (0.00s)&#xA;"></skipped>
		</testcase>
		<testcase classname="pkg/tests/ossm" name="v2.4/TestRateLimiting" time="0.000000">
			<skipped message="=== RUN   TestRateLimiting&#xA;    test.go:112: This test is being skipped because it is not part of the &#34;interop&#34; test group&#xA;--- SKIP: TestRateLimiting (0.00s)&#xA;"></skipped>
		</testcase>
		<testcase classname="pkg/tests/ossm" name="v2.4/TestSMCPAddons" time="0.000000">
			<skipped message="=== RUN   TestSMCPAddons&#xA;    test.go:112: This test is being skipped because it is not part of the &#34;interop&#34; test group&#xA;--- SKIP: TestSMCPAddons (0.00s)&#xA;"></skipped>
		</testcase>
		<testcase classname="pkg/tests/ossm" name="v2.4/TestSMCPAnnotations" time="0.000000">
			<skipped message="=== RUN   TestSMCPAnnotations&#xA;    test.go:112: This test is being skipped because it is not part of the &#34;interop&#34; test group&#xA;--- SKIP: TestSMCPAnnotations (0.00s)&#xA;"></skipped>
		</testcase>
		<testcase classname="pkg/tests/ossm" name="v2.4/TestMustGather" time="0.000000">
			<skipped message="=== RUN   TestMustGather&#xA;    test.go:112: This test is being skipped because it is not part of the &#34;interop&#34; test group&#xA;--- SKIP: TestMustGather (0.00s)&#xA;"></skipped>
		</testcase>
		<testcase classname="pkg/tests/ossm" name="v2.4/TestSMMRAutoCreationAndDeletion" time="0.000000">
			<skipped message="=== RUN   TestSMMRAutoCreationAndDeletion&#xA;    test.go:112: This test is being skipped because it is not part of the &#34;interop&#34; test group&#xA;--- SKIP: TestSMMRAutoCreationAndDeletion (0.00s)&#xA;"></skipped>
		</testcase>
		<testcase classname="pkg/tests/ossm" name="v2.4/TestTLSVersionSMCP/minVersion_TLSv1_0" time="9.960000"></testcase>
		<testcase classname="pkg/tests/ossm" name="v2.4/TestTLSVersionSMCP/minVersion_TLSv1_1" time="9.930000"></testcase>
		<testcase classname="pkg/tests/ossm" name="v2.4/TestTLSVersionSMCP/maxVersion_TLSv1_3" time="9.860000"></testcase>
		<testcase classname="pkg/tests/ossm" name="v2.4/TestTLSVersionSMCP" time="80.660000"></testcase>
		<testcase classname="pkg/tests/ossm" name="v2.4/TestSmoke/upgrade_v2.3_to_v2.4" time="134.960000"></testcase>
		<testcase classname="pkg/tests/ossm" name="v2.4/TestSmoke/install_smcp_v2.4" time="49.990000"></testcase>
		<testcase classname="pkg/tests/ossm" name="v2.4/TestSmoke/delete_smcp_v2.4" time="30.560000"></testcase>
		<testcase classname="pkg/tests/ossm" name="v2.4/TestSmoke" time="249.560000"></testcase>
		<testcase classname="pkg/tests/ossm" name="v2.4/TestSSL" time="44.260000"></testcase>
	</testsuite>
	<testsuite tests="3" failures="0" time="0.004000" name="pkg/tests/ossm-federation" timestamp="2023-07-17T06:37:58Z">
		<properties>
			<property name="go.version" value="go1.20.3 linux/amd64"></property>
		</properties>
		<testcase classname="pkg/tests/ossm-federation" name="v2.4/TestMultiClusterFederationFailover" time="0.000000">
			<skipped message="=== RUN   TestMultiClusterFederationFailover&#xA;    test.go:112: This test is being skipped because it is not part of the &#34;interop&#34; test group&#xA;--- SKIP: TestMultiClusterFederationFailover (0.00s)&#xA;"></skipped>
		</testcase>
		<testcase classname="pkg/tests/ossm-federation" name="v2.4/TestFederation" time="0.000000">
			<skipped message="=== RUN   TestFederation&#xA;    test.go:112: This test is being skipped because it is not part of the &#34;interop&#34; test group&#xA;--- SKIP: TestFederation (0.00s)&#xA;"></skipped>
		</testcase>
		<testcase classname="pkg/tests/ossm-federation" name="v2.4/TestFederationDifferentCerts" time="0.000000">
			<skipped message="=== RUN   TestFederationDifferentCerts&#xA;    test.go:112: This test is being skipped because it is not part of the &#34;interop&#34; test group&#xA;--- SKIP: TestFederationDifferentCerts (0.00s)&#xA;"></skipped>
		</testcase>
	</testsuite>
	<testsuite tests="3" failures="0" time="0.289000" name="pkg/tests/ossm/operator" timestamp="2023-07-17T06:37:58Z">
		<properties>
			<property name="go.version" value="go1.20.3 linux/amd64"></property>
		</properties>
		<testcase classname="pkg/tests/ossm/operator" name="v2.4/TestClusterWideMode" time="0.000000">
			<skipped message="=== RUN   TestClusterWideMode&#xA;    test.go:112: This test is being skipped because it is not part of the &#34;interop&#34; test group&#xA;--- SKIP: TestClusterWideMode (0.00s)&#xA;"></skipped>
		</testcase>
		<testcase classname="pkg/tests/ossm/operator" name="v2.4/TestOperatorCanReconcileSMCPWhenIstiodOffline" time="0.000000">
			<skipped message="=== RUN   TestOperatorCanReconcileSMCPWhenIstiodOffline&#xA;    test.go:112: This test is being skipped because it is not part of the &#34;interop&#34; test group&#xA;--- SKIP: TestOperatorCanReconcileSMCPWhenIstiodOffline (0.00s)&#xA;"></skipped>
		</testcase>
		<testcase classname="pkg/tests/ossm/operator" name="v2.4/TestOperatorPodHonorsReadinessProbe" time="0.000000">
			<skipped message="=== RUN   TestOperatorPodHonorsReadinessProbe&#xA;    test.go:112: This test is being skipped because it is not part of the &#34;interop&#34; test group&#xA;--- SKIP: TestOperatorPodHonorsReadinessProbe (0.00s)&#xA;"></skipped>
		</testcase>
	</testsuite>
	<testsuite tests="2" failures="0" time="0.271000" name="pkg/tests/tasks/observability" timestamp="2023-07-17T06:37:58Z">
		<properties>
			<property name="go.version" value="go1.20.3 linux/amd64"></property>
		</properties>
		<testcase classname="pkg/tests/tasks/observability" name="v2.4/TestCustomPrometheus" time="0.000000">
			<skipped message="=== RUN   TestCustomPrometheus&#xA;    test.go:112: This test is being skipped because it is not part of the &#34;interop&#34; test group&#xA;--- SKIP: TestCustomPrometheus (0.00s)&#xA;"></skipped>
		</testcase>
		<testcase classname="pkg/tests/tasks/observability" name="v2.4/TestOpenShiftMonitoring" time="0.000000">
			<skipped message="=== RUN   TestOpenShiftMonitoring&#xA;    test.go:112: This test is being skipped because it is not part of the &#34;interop&#34; test group&#xA;--- SKIP: TestOpenShiftMonitoring (0.00s)&#xA;"></skipped>
		</testcase>
	</testsuite>
	<testsuite tests="12" failures="0" time="104.894000" name="pkg/tests/tasks/security/authentication" timestamp="2023-07-17T06:37:58Z">
		<properties>
			<property name="go.version" value="go1.20.3 linux/amd64"></property>
		</properties>
		<testcase classname="pkg/tests/tasks/security/authentication" name="v2.4/TestAuthPolicy/enable_auto_mTLS" time="0.490000"></testcase>
		<testcase classname="pkg/tests/tasks/security/authentication" name="v2.4/TestAuthPolicy/enable_global_mTLS_STRICT_mode" time="0.850000"></testcase>
		<testcase classname="pkg/tests/tasks/security/authentication" name="v2.4/TestAuthPolicy/namespace_policy_mtls" time="1.880000"></testcase>
		<testcase classname="pkg/tests/tasks/security/authentication" name="v2.4/TestAuthPolicy/workload_policy_mtls" time="1.090000"></testcase>
		<testcase classname="pkg/tests/tasks/security/authentication" name="v2.4/TestAuthPolicy/policy_precedence_mtls" time="0.570000"></testcase>
		<testcase classname="pkg/tests/tasks/security/authentication" name="v2.4/TestAuthPolicy/end-user_JWT" time="3.850000"></testcase>
		<testcase classname="pkg/tests/tasks/security/authentication" name="v2.4/TestAuthPolicy/end-user_require_JWT" time="1.360000"></testcase>
		<testcase classname="pkg/tests/tasks/security/authentication" name="v2.4/TestAuthPolicy/end-user_require_JWT_per_path" time="2.380000"></testcase>
		<testcase classname="pkg/tests/tasks/security/authentication" name="v2.4/TestAuthPolicy" time="69.250000"></testcase>
		<testcase classname="pkg/tests/tasks/security/authentication" name="v2.4/TestMTlsMigration/mTLS_enabled_in_foo" time="1.680000"></testcase>
		<testcase classname="pkg/tests/tasks/security/authentication" name="v2.4/TestMTlsMigration/mTLS_enabled_globally" time="1.660000"></testcase>
		<testcase classname="pkg/tests/tasks/security/authentication" name="v2.4/TestMTlsMigration" time="35.350000"></testcase>
	</testsuite>
	<testsuite tests="26" failures="1" time="54.944000" name="pkg/tests/tasks/security/authorization" timestamp="2023-07-17T06:37:58Z">
		<properties>
			<property name="go.version" value="go1.20.3 linux/amd64"></property>
		</properties>
		<testcase classname="pkg/tests/tasks/security/authorization" name="v2.4/TestAuthorizationTCPTraffic" time="222.810000">
			<failure message="Failed" type="">=== RUN   TestAuthorizationTCPTraffic&#xA;    tcp_test.go:38: This test validates authorization policies for TCP traffic.&#xA;    tcp_test.go:39: Doc reference: https://istio.io/v1.14/docs/tasks/security/authorization/authz-tcp/&#xA;    tcp_test.go:41:    &#xA;    tcp_test.go:41: STEP 1: Apply default SMCP and SMMR manifests&#xA;    tcp_test.go:41:    Wait for condition condition=Ready on smcp istio-system/basic...&#xA;    tcp_test.go:41:    SUCCESS: Condition condition=Ready met by smcp istio-system/basic&#xA;    tcp_test.go:43:    &#xA;    tcp_test.go:43: STEP 2: Install sleep and echo&#xA;    tcp_test.go:44:    Install app &#34;sleep&#34; in namespace &#34;foo&#34;&#xA;    tcp_test.go:44:    Install app &#34;echo&#34; in namespace &#34;foo&#34;&#xA;    tcp_test.go:44:    Wait for app foo/sleep to be ready&#xA;    tcp_test.go:44:    Wait for app foo/echo to be ready&#xA;    tcp_test.go:47:    &#xA;    tcp_test.go:47: STEP 3: Verify sleep to echo TCP connections&#xA;    tcp_test.go:103:    SUCCESS: Got expected hello message on port 9000&#xA;    tcp_test.go:103:    SUCCESS: Got expected hello message on port 9001&#xA;    tcp_test.go:103:    FAILURE: Expected return message hello, but failed on port 9002; expected to find the string &#39;connection succeeded&#39; in the output, but it wasn&#39;t found&#xA;    tcp_test.go:53:    --- Attempt 1/120 failed. Retrying...&#xA;    tcp_test.go:103:    FAILURE: Expected return message hello, but failed on port 9002; expected to find the string &#39;connection succeeded&#39; in the output, but it wasn&#39;t found&#xA;    tcp_test.go:53:    --- Attempt 2/120 failed. Retrying...&#xA;    tcp_test.go:103:    FAILURE: Expected return message hello, but failed on port 9002; expected to find the string &#39;connection succeeded&#39; in the output, but it wasn&#39;t found&#xA;    tcp_test.go:53:    --- Attempt 3/120 failed. Retrying...&#xA;    tcp_test.go:103:    FAILURE: Expected return message hello, but failed on port 9002; expected to find the string &#39;connection succeeded&#39; in the output, but it wasn&#39;t found&#xA;    tcp_test.go:53:    --- Attempt 4/120 failed. Retrying...&#xA;    tcp_test.go:103:    FAILURE: Expected return message hello, but failed on port 9002; expected to find the string &#39;connection succeeded&#39; in the output, but it wasn&#39;t found&#xA;    tcp_test.go:53:    --- Attempt 5/120 failed. Retrying...&#xA;    tcp_test.go:103:    FAILURE: Expected return message hello, but failed on port 9002; expected to find the string &#39;connection succeeded&#39; in the output, but it wasn&#39;t found&#xA;    tcp_test.go:53:    --- Attempt 6/120 failed. Retrying...&#xA;    tcp_test.go:103:    FAILURE: Expected return message hello, but failed on port 9002; expected to find the string &#39;connection succeeded&#39; in the output, but it wasn&#39;t found&#xA;    tcp_test.go:53:    --- Attempt 7/120 failed. Retrying...&#xA;    tcp_test.go:103:    FAILURE: Expected return message hello, but failed on port 9002; expected to find the string &#39;connection succeeded&#39; in the output, but it wasn&#39;t found&#xA;    tcp_test.go:53:    --- Attempt 8/120 failed. Retrying...&#xA;    tcp_test.go:103:    FAILURE: Expected return message hello, but failed on port 9002; expected to find the string &#39;connection succeeded&#39; in the output, but it wasn&#39;t found&#xA;    tcp_test.go:53:    --- Attempt 9/120 failed. Retrying...&#xA;    tcp_test.go:103:    FAILURE: Expected return message hello, but failed on port 9002; expected to find the string &#39;connection succeeded&#39; in the output, but it wasn&#39;t found&#xA;    tcp_test.go:53:    --- Attempt 10/120 failed. Retrying...&#xA;    tcp_test.go:103:    FAILURE: Expected return message hello, but failed on port 9002; expected to find the string &#39;connection succeeded&#39; in the output, but it wasn&#39;t found&#xA;    tcp_test.go:53:    --- Attempt 11/120 failed. Retrying...&#xA;    tcp_test.go:103:    FAILURE: Expected return message hello, but failed on port 9002; expected to find the string &#39;connection succeeded&#39; in the output, but it wasn&#39;t found&#xA;    tcp_test.go:53:    --- Attempt 12/120 failed. Retrying...&#xA;    tcp_test.go:103:    FAILURE: Expected return message hello, but failed on port 9002; expected to find the string &#39;connection succeeded&#39; in the output, but it wasn&#39;t found&#xA;    tcp_test.go:53:    --- Attempt 13/120 failed. Retrying...&#xA;    tcp_test.go:103:    FAILURE: Expected return message hello, but failed on port 9002; expected to find the string &#39;connection succeeded&#39; in the output, but it wasn&#39;t found&#xA;    tcp_test.go:53:    --- Attempt 14/120 failed. Retrying...&#xA;    tcp_test.go:103:    FAILURE: Expected return message hello, but failed on port 9002; expected to find the string &#39;connection succeeded&#39; in the output, but it wasn&#39;t found&#xA;    tcp_test.go:53:    --- Attempt 15/120 failed. Retrying...&#xA;    tcp_test.go:103:    FAILURE: Expected return message hello, but failed on port 9002; expected to find the string &#39;connection succeeded&#39; in the output, but it wasn&#39;t found&#xA;    tcp_test.go:53:    --- Attempt 16/120 failed. Retrying...&#xA;    tcp_test.go:103:    FAILURE: Expected return message hello, but failed on port 9002; expected to find the string &#39;connection succeeded&#39; in the output, but it wasn&#39;t found&#xA;    tcp_test.go:53:    --- Attempt 17/120 failed. Retrying...&#xA;    tcp_test.go:103:    FAILURE: Expected return message hello, but failed on port 9002; expected to find the string &#39;connection succeeded&#39; in the output, but it wasn&#39;t found&#xA;    tcp_test.go:53:    --- Attempt 18/120 failed. Retrying...&#xA;    tcp_test.go:103:    FAILURE: Expected return message hello, but failed on port 9002; expected to find the string &#39;connection succeeded&#39; in the output, but it wasn&#39;t found&#xA;    tcp_test.go:53:    --- Attempt 19/120 failed. Retrying...&#xA;    tcp_test.go:103:    FAILURE: Expected return message hello, but failed on port 9002; expected to find the string &#39;connection succeeded&#39; in the output, but it wasn&#39;t found&#xA;    tcp_test.go:53:    --- Attempt 20/120 failed. Retrying...&#xA;    tcp_test.go:103:    FAILURE: Expected return message hello, but failed on port 9002; expected to find the string &#39;connection succeeded&#39; in the output, but it wasn&#39;t found&#xA;    tcp_test.go:53:    --- Attempt 21/120 failed. Retrying...&#xA;    tcp_test.go:103:    FAILURE: Expected return message hello, but failed on port 9002; expected to find the string &#39;connection succeeded&#39; in the output, but it wasn&#39;t found&#xA;    tcp_test.go:53:    --- Attempt 22/120 failed. Retrying...&#xA;    tcp_test.go:103:    FAILURE: Expected return message hello, but failed on port 9002; expected to find the string &#39;connection succeeded&#39; in the output, but it wasn&#39;t found&#xA;    tcp_test.go:53:    --- Attempt 23/120 failed. Retrying...&#xA;    tcp_test.go:103:    FAILURE: Expected return message hello, but failed on port 9002; expected to find the string &#39;connection succeeded&#39; in the output, but it wasn&#39;t found&#xA;    tcp_test.go:53:    --- Attempt 24/120 failed. Retrying...&#xA;    tcp_test.go:103:    FAILURE: Expected return message hello, but failed on port 9002; expected to find the string &#39;connection succeeded&#39; in the output, but it wasn&#39;t found&#xA;    tcp_test.go:53:    --- Attempt 25/120 failed. Retrying...&#xA;    tcp_test.go:103:    FAILURE: Expected return message hello, but failed on port 9002; expected to find the string &#39;connection succeeded&#39; in the output, but it wasn&#39;t found&#xA;    tcp_test.go:53:    --- Attempt 26/120 failed. Retrying...&#xA;    tcp_test.go:103:    FAILURE: Expected return message hello, but failed on port 9002; expected to find the string &#39;connection succeeded&#39; in the output, but it wasn&#39;t found&#xA;    tcp_test.go:53:    --- Attempt 27/120 failed. Retrying...&#xA;    tcp_test.go:103:    FAILURE: Expected return message hello, but failed on port 9002; expected to find the string &#39;connection succeeded&#39; in the output, but it wasn&#39;t found&#xA;    tcp_test.go:53:    --- Attempt 28/120 failed. Retrying...&#xA;    tcp_test.go:103:    FAILURE: Expected return message hello, but failed on port 9002; expected to find the string &#39;connection succeeded&#39; in the output, but it wasn&#39;t found&#xA;    tcp_test.go:53:    --- Attempt 29/120 failed. Retrying...&#xA;    tcp_test.go:103:    FAILURE: Expected return message hello, but failed on port 9002; expected to find the string &#39;connection succeeded&#39; in the output, but it wasn&#39;t found&#xA;    tcp_test.go:53:    --- Attempt 30/120 failed. Retrying...&#xA;    tcp_test.go:103:    FAILURE: Expected return message hello, but failed on port 9002; expected to find the string &#39;connection succeeded&#39; in the output, but it wasn&#39;t found&#xA;    tcp_test.go:53:    --- Attempt 31/120 failed. Retrying...&#xA;    tcp_test.go:103:    FAILURE: Expected return message hello, but failed on port 9002; expected to find the string &#39;connection succeeded&#39; in the output, but it wasn&#39;t found&#xA;    tcp_test.go:53:    --- Attempt 32/120 failed. Retrying...&#xA;    tcp_test.go:103:    FAILURE: Expected return message hello, but failed on port 9002; expected to find the string &#39;connection succeeded&#39; in the output, but it wasn&#39;t found&#xA;    tcp_test.go:53:    --- Attempt 33/120 failed. Retrying...&#xA;    tcp_test.go:103:    FAILURE: Expected return message hello, but failed on port 9002; expected to find the string &#39;connection succeeded&#39; in the output, but it wasn&#39;t found&#xA;    tcp_test.go:53:    --- Attempt 34/120 failed. Retrying...&#xA;    tcp_test.go:103:    FAILURE: Expected return message hello, but failed on port 9002; expected to find the string &#39;connection succeeded&#39; in the output, but it wasn&#39;t found&#xA;    tcp_test.go:53:    --- Attempt 35/120 failed. Retrying...&#xA;    tcp_test.go:103:    FAILURE: Expected return message hello, but failed on port 9002; expected to find the string &#39;connection succeeded&#39; in the output, but it wasn&#39;t found&#xA;    tcp_test.go:53:    --- Attempt 36/120 failed. Retrying...&#xA;    tcp_test.go:103:    FAILURE: Expected return message hello, but failed on port 9002; expected to find the string &#39;connection succeeded&#39; in the output, but it wasn&#39;t found&#xA;    tcp_test.go:53:    --- Attempt 37/120 failed. Retrying...&#xA;    tcp_test.go:103:    FAILURE: Expected return message hello, but failed on port 9002; expected to find the string &#39;connection succeeded&#39; in the output, but it wasn&#39;t found&#xA;    tcp_test.go:53:    --- Attempt 38/120 failed. Retrying...&#xA;    tcp_test.go:103:    FAILURE: Expected return message hello, but failed on port 9002; expected to find the string &#39;connection succeeded&#39; in the output, but it wasn&#39;t found&#xA;    tcp_test.go:53:    --- Attempt 39/120 failed. Retrying...&#xA;    tcp_test.go:103:    FAILURE: Expected return message hello, but failed on port 9002; expected to find the string &#39;connection succeeded&#39; in the output, but it wasn&#39;t found&#xA;    tcp_test.go:53:    --- Attempt 40/120 failed. Retrying...&#xA;    tcp_test.go:103:    FAILURE: Expected return message hello, but failed on port 9002; expected to find the string &#39;connection succeeded&#39; in the output, but it wasn&#39;t found&#xA;    tcp_test.go:53:    --- Attempt 41/120 failed. Retrying...&#xA;    tcp_test.go:103:    FAILURE: Expected return message hello, but failed on port 9002; expected to find the string &#39;connection succeeded&#39; in the output, but it wasn&#39;t found&#xA;    tcp_test.go:53:    --- Attempt 42/120 failed. Retrying...&#xA;    tcp_test.go:103:    FAILURE: Expected return message hello, but failed on port 9002; expected to find the string &#39;connection succeeded&#39; in the output, but it wasn&#39;t found&#xA;    tcp_test.go:53:    --- Attempt 43/120 failed. Retrying...&#xA;    tcp_test.go:103:    FAILURE: Expected return message hello, but failed on port 9002; expected to find the string &#39;connection succeeded&#39; in the output, but it wasn&#39;t found&#xA;    tcp_test.go:53:    --- Attempt 44/120 failed. Retrying...&#xA;    tcp_test.go:103:    FAILURE: Expected return message hello, but failed on port 9002; expected to find the string &#39;connection succeeded&#39; in the output, but it wasn&#39;t found&#xA;    tcp_test.go:53:    --- Attempt 45/120 failed. Retrying...&#xA;    tcp_test.go:103:    FAILURE: Expected return message hello, but failed on port 9002; expected to find the string &#39;connection succeeded&#39; in the output, but it wasn&#39;t found&#xA;    tcp_test.go:53:    --- Attempt 46/120 failed. Retrying...&#xA;    tcp_test.go:103:    FAILURE: Expected return message hello, but failed on port 9002; expected to find the string &#39;connection succeeded&#39; in the output, but it wasn&#39;t found&#xA;    tcp_test.go:53:    --- Attempt 47/120 failed. Retrying...&#xA;    tcp_test.go:103:    FAILURE: Expected return message hello, but failed on port 9002; expected to find the string &#39;connection succeeded&#39; in the output, but it wasn&#39;t found&#xA;    tcp_test.go:53:    --- Attempt 48/120 failed. Retrying...&#xA;    tcp_test.go:103:    FAILURE: Expected return message hello, but failed on port 9002; expected to find the string &#39;connection succeeded&#39; in the output, but it wasn&#39;t found&#xA;    tcp_test.go:53:    --- Attempt 49/120 failed. Retrying...&#xA;    tcp_test.go:103:    FAILURE: Expected return message hello, but failed on port 9002; expected to find the string &#39;connection succeeded&#39; in the output, but it wasn&#39;t found&#xA;    tcp_test.go:53:    --- Attempt 50/120 failed. Retrying...&#xA;    tcp_test.go:103:    FAILURE: Expected return message hello, but failed on port 9002; expected to find the string &#39;connection succeeded&#39; in the output, but it wasn&#39;t found&#xA;    tcp_test.go:53:    --- Attempt 51/120 failed. Retrying...&#xA;    tcp_test.go:103:    FAILURE: Expected return message hello, but failed on port 9002; expected to find the string &#39;connection succeeded&#39; in the output, but it wasn&#39;t found&#xA;    tcp_test.go:53:    --- Attempt 52/120 failed. Retrying...&#xA;    tcp_test.go:103:    FAILURE: Expected return message hello, but failed on port 9002; expected to find the string &#39;connection succeeded&#39; in the output, but it wasn&#39;t found&#xA;    tcp_test.go:53:    --- Attempt 53/120 failed. Retrying...&#xA;    tcp_test.go:103:    FAILURE: Expected return message hello, but failed on port 9002; expected to find the string &#39;connection succeeded&#39; in the output, but it wasn&#39;t found&#xA;    tcp_test.go:53:    --- Attempt 54/120 failed. Retrying...&#xA;    tcp_test.go:103:    FAILURE: Expected return message hello, but failed on port 9002; expected to find the string &#39;connection succeeded&#39; in the output, but it wasn&#39;t found&#xA;    tcp_test.go:53:    --- Attempt 55/120 failed. Retrying...&#xA;    tcp_test.go:103:    FAILURE: Expected return message hello, but failed on port 9002; expected to find the string &#39;connection succeeded&#39; in the output, but it wasn&#39;t found&#xA;    tcp_test.go:53:    --- Attempt 56/120 failed. Retrying...&#xA;    tcp_test.go:103:    FAILURE: Expected return message hello, but failed on port 9002; expected to find the string &#39;connection succeeded&#39; in the output, but it wasn&#39;t found&#xA;    tcp_test.go:53:    --- Attempt 57/120 failed. Retrying...&#xA;    tcp_test.go:103:    FAILURE: Expected return message hello, but failed on port 9002; expected to find the string &#39;connection succeeded&#39; in the output, but it wasn&#39;t found&#xA;    tcp_test.go:53:    --- Attempt 58/120 failed. Retrying...&#xA;    tcp_test.go:103:    FAILURE: Expected return message hello, but failed on port 9002; expected to find the string &#39;connection succeeded&#39; in the output, but it wasn&#39;t found&#xA;    tcp_test.go:53:    --- Attempt 59/120 failed. Retrying...&#xA;    tcp_test.go:103:    FAILURE: Expected return message hello, but failed on port 9002; expected to find the string &#39;connection succeeded&#39; in the output, but it wasn&#39;t found&#xA;    tcp_test.go:53:    --- Attempt 60/120 failed. Retrying...&#xA;    tcp_test.go:103:    FAILURE: Expected return message hello, but failed on port 9002; expected to find the string &#39;connection succeeded&#39; in the output, but it wasn&#39;t found&#xA;    tcp_test.go:53:    --- Attempt 61/120 failed. Retrying...&#xA;    tcp_test.go:103:    FAILURE: Expected return message hello, but failed on port 9002; expected to find the string &#39;connection succeeded&#39; in the output, but it wasn&#39;t found&#xA;    tcp_test.go:53:    --- Attempt 62/120 failed. Retrying...&#xA;    tcp_test.go:103:    FAILURE: Expected return message hello, but failed on port 9002; expected to find the string &#39;connection succeeded&#39; in the output, but it wasn&#39;t found&#xA;    tcp_test.go:53:    --- Attempt 63/120 failed. Retrying...&#xA;    tcp_test.go:103:    FAILURE: Expected return message hello, but failed on port 9002; expected to find the string &#39;connection succeeded&#39; in the output, but it wasn&#39;t found&#xA;    tcp_test.go:53:    --- Attempt 64/120 failed. Retrying...&#xA;    tcp_test.go:103:    FAILURE: Expected return message hello, but failed on port 9002; expected to find the string &#39;connection succeeded&#39; in the output, but it wasn&#39;t found&#xA;    tcp_test.go:53:    --- Attempt 65/120 failed. Retrying...&#xA;    tcp_test.go:103:    FAILURE: Expected return message hello, but failed on port 9002; expected to find the string &#39;connection succeeded&#39; in the output, but it wasn&#39;t found&#xA;    tcp_test.go:53:    --- Attempt 66/120 failed. Retrying...&#xA;    tcp_test.go:103:    FAILURE: Expected return message hello, but failed on port 9002; expected to find the string &#39;connection succeeded&#39; in the output, but it wasn&#39;t found&#xA;    tcp_test.go:53:    --- Attempt 67/120 failed. Retrying...&#xA;    tcp_test.go:103:    FAILURE: Expected return message hello, but failed on port 9002; expected to find the string &#39;connection succeeded&#39; in the output, but it wasn&#39;t found&#xA;    tcp_test.go:53:    --- Attempt 68/120 failed. Retrying...&#xA;    tcp_test.go:103:    FAILURE: Expected return message hello, but failed on port 9002; expected to find the string &#39;connection succeeded&#39; in the output, but it wasn&#39;t found&#xA;    tcp_test.go:53:    --- Attempt 69/120 failed. Retrying...&#xA;    tcp_test.go:103:    FAILURE: Expected return message hello, but failed on port 9002; expected to find the string &#39;connection succeeded&#39; in the output, but it wasn&#39;t found&#xA;    tcp_test.go:53:    --- Attempt 70/120 failed. Retrying...&#xA;    tcp_test.go:103:    FAILURE: Expected return message hello, but failed on port 9002; expected to find the string &#39;connection succeeded&#39; in the output, but it wasn&#39;t found&#xA;    tcp_test.go:53:    --- Attempt 71/120 failed. Retrying...&#xA;    tcp_test.go:103:    FAILURE: Expected return message hello, but failed on port 9002; expected to find the string &#39;connection succeeded&#39; in the output, but it wasn&#39;t found&#xA;    tcp_test.go:53:    --- Attempt 72/120 failed. Retrying...&#xA;    tcp_test.go:103:    FAILURE: Expected return message hello, but failed on port 9002; expected to find the string &#39;connection succeeded&#39; in the output, but it wasn&#39;t found&#xA;    tcp_test.go:53:    --- Attempt 73/120 failed. Retrying...&#xA;    tcp_test.go:103:    FAILURE: Expected return message hello, but failed on port 9002; expected to find the string &#39;connection succeeded&#39; in the output, but it wasn&#39;t found&#xA;    tcp_test.go:53:    --- Attempt 74/120 failed. Retrying...&#xA;    tcp_test.go:103:    FAILURE: Expected return message hello, but failed on port 9002; expected to find the string &#39;connection succeeded&#39; in the output, but it wasn&#39;t found&#xA;    tcp_test.go:53:    --- Attempt 75/120 failed. Retrying...&#xA;    tcp_test.go:103:    FAILURE: Expected return message hello, but failed on port 9002; expected to find the string &#39;connection succeeded&#39; in the output, but it wasn&#39;t found&#xA;    tcp_test.go:53:    --- Attempt 76/120 failed. Retrying...&#xA;    tcp_test.go:103:    FAILURE: Expected return message hello, but failed on port 9002; expected to find the string &#39;connection succeeded&#39; in the output, but it wasn&#39;t found&#xA;    tcp_test.go:53:    --- Attempt 77/120 failed. Retrying...&#xA;    tcp_test.go:103:    FAILURE: Expected return message hello, but failed on port 9002; expected to find the string &#39;connection succeeded&#39; in the output, but it wasn&#39;t found&#xA;    tcp_test.go:53:    --- Attempt 78/120 failed. Retrying...&#xA;    tcp_test.go:103:    FAILURE: Expected return message hello, but failed on port 9002; expected to find the string &#39;connection succeeded&#39; in the output, but it wasn&#39;t found&#xA;    tcp_test.go:53:    --- Attempt 79/120 failed. Retrying...&#xA;    tcp_test.go:103:    FAILURE: Expected return message hello, but failed on port 9002; expected to find the string &#39;connection succeeded&#39; in the output, but it wasn&#39;t found&#xA;    tcp_test.go:53:    --- Attempt 80/120 failed. Retrying...&#xA;    tcp_test.go:103:    FAILURE: Expected return message hello, but failed on port 9002; expected to find the string &#39;connection succeeded&#39; in the output, but it wasn&#39;t found&#xA;    tcp_test.go:53:    --- Attempt 81/120 failed. Retrying...&#xA;    tcp_test.go:103:    FAILURE: Expected return message hello, but failed on port 9002; expected to find the string &#39;connection succeeded&#39; in the output, but it wasn&#39;t found&#xA;    tcp_test.go:53:    --- Attempt 82/120 failed. Retrying...&#xA;    tcp_test.go:103:    FAILURE: Expected return message hello, but failed on port 9002; expected to find the string &#39;connection succeeded&#39; in the output, but it wasn&#39;t found&#xA;    tcp_test.go:53:    --- Attempt 83/120 failed. Retrying...&#xA;    tcp_test.go:103:    FAILURE: Expected return message hello, but failed on port 9002; expected to find the string &#39;connection succeeded&#39; in the output, but it wasn&#39;t found&#xA;    tcp_test.go:53:    --- Attempt 84/120 failed. Retrying...&#xA;    tcp_test.go:103:    FAILURE: Expected return message hello, but failed on port 9002; expected to find the string &#39;connection succeeded&#39; in the output, but it wasn&#39;t found&#xA;    tcp_test.go:53:    --- Attempt 85/120 failed. Retrying...&#xA;    tcp_test.go:103:    FAILURE: Expected return message hello, but failed on port 9002; expected to find the string &#39;connection succeeded&#39; in the output, but it wasn&#39;t found&#xA;    tcp_test.go:53:    --- Attempt 86/120 failed. Retrying...&#xA;    tcp_test.go:103:    FAILURE: Expected return message hello, but failed on port 9002; expected to find the string &#39;connection succeeded&#39; in the output, but it wasn&#39;t found&#xA;    tcp_test.go:53:    --- Attempt 87/120 failed. Retrying...&#xA;    tcp_test.go:103:    FAILURE: Expected return message hello, but failed on port 9002; expected to find the string &#39;connection succeeded&#39; in the output, but it wasn&#39;t found&#xA;    tcp_test.go:53:    --- Attempt 88/120 failed. Retrying...&#xA;    tcp_test.go:103:    FAILURE: Expected return message hello, but failed on port 9002; expected to find the string &#39;connection succeeded&#39; in the output, but it wasn&#39;t found&#xA;    tcp_test.go:53:    --- Attempt 89/120 failed. Retrying...&#xA;    tcp_test.go:103:    FAILURE: Expected return message hello, but failed on port 9002; expected to find the string &#39;connection succeeded&#39; in the output, but it wasn&#39;t found&#xA;    tcp_test.go:53:    --- Attempt 90/120 failed. Retrying...&#xA;    tcp_test.go:103:    FAILURE: Expected return message hello, but failed on port 9002; expected to find the string &#39;connection succeeded&#39; in the output, but it wasn&#39;t found&#xA;    tcp_test.go:53:    --- Attempt 91/120 failed. Retrying...&#xA;    tcp_test.go:103:    FAILURE: Expected return message hello, but failed on port 9002; expected to find the string &#39;connection succeeded&#39; in the output, but it wasn&#39;t found&#xA;    tcp_test.go:53:    --- Attempt 92/120 failed. Retrying...&#xA;    tcp_test.go:103:    FAILURE: Expected return message hello, but failed on port 9002; expected to find the string &#39;connection succeeded&#39; in the output, but it wasn&#39;t found&#xA;    tcp_test.go:53:    --- Attempt 93/120 failed. Retrying...&#xA;    tcp_test.go:103:    FAILURE: Expected return message hello, but failed on port 9002; expected to find the string &#39;connection succeeded&#39; in the output, but it wasn&#39;t found&#xA;    tcp_test.go:53:    --- Attempt 94/120 failed. Retrying...&#xA;    tcp_test.go:103:    FAILURE: Expected return message hello, but failed on port 9002; expected to find the string &#39;connection succeeded&#39; in the output, but it wasn&#39;t found&#xA;    tcp_test.go:53:    --- Attempt 95/120 failed. Retrying...&#xA;    tcp_test.go:103:    FAILURE: Expected return message hello, but failed on port 9002; expected to find the string &#39;connection succeeded&#39; in the output, but it wasn&#39;t found&#xA;    tcp_test.go:53:    --- Attempt 96/120 failed. Retrying...&#xA;    tcp_test.go:103:    FAILURE: Expected return message hello, but failed on port 9002; expected to find the string &#39;connection succeeded&#39; in the output, but it wasn&#39;t found&#xA;    tcp_test.go:53:    --- Attempt 97/120 failed. Retrying...&#xA;    tcp_test.go:103:    FAILURE: Expected return message hello, but failed on port 9002; expected to find the string &#39;connection succeeded&#39; in the output, but it wasn&#39;t found&#xA;    tcp_test.go:53:    --- Attempt 98/120 failed. Retrying...&#xA;    tcp_test.go:103:    FAILURE: Expected return message hello, but failed on port 9002; expected to find the string &#39;connection succeeded&#39; in the output, but it wasn&#39;t found&#xA;    tcp_test.go:53:    --- Attempt 99/120 failed. Retrying...&#xA;    tcp_test.go:103:    FAILURE: Expected return message hello, but failed on port 9002; expected to find the string &#39;connection succeeded&#39; in the output, but it wasn&#39;t found&#xA;    tcp_test.go:53:    --- Attempt 100/120 failed. Retrying...&#xA;    tcp_test.go:103:    FAILURE: Expected return message hello, but failed on port 9002; expected to find the string &#39;connection succeeded&#39; in the output, but it wasn&#39;t found&#xA;    tcp_test.go:53:    --- Attempt 101/120 failed. Retrying...&#xA;    tcp_test.go:103:    FAILURE: Expected return message hello, but failed on port 9002; expected to find the string &#39;connection succeeded&#39; in the output, but it wasn&#39;t found&#xA;    tcp_test.go:53:    --- Attempt 102/120 failed. Retrying...&#xA;    tcp_test.go:103:    FAILURE: Expected return message hello, but failed on port 9002; expected to find the string &#39;connection succeeded&#39; in the output, but it wasn&#39;t found&#xA;    tcp_test.go:53:    --- Attempt 103/120 failed. Retrying...&#xA;    tcp_test.go:103:    FAILURE: Expected return message hello, but failed on port 9002; expected to find the string &#39;connection succeeded&#39; in the output, but it wasn&#39;t found&#xA;    tcp_test.go:53:    --- Attempt 104/120 failed. Retrying...&#xA;    tcp_test.go:103:    FAILURE: Expected return message hello, but failed on port 9002; expected to find the string &#39;connection succeeded&#39; in the output, but it wasn&#39;t found&#xA;    tcp_test.go:53:    --- Attempt 105/120 failed. Retrying...&#xA;    tcp_test.go:103:    FAILURE: Expected return message hello, but failed on port 9002; expected to find the string &#39;connection succeeded&#39; in the output, but it wasn&#39;t found&#xA;    tcp_test.go:53:    --- Attempt 106/120 failed. Retrying...&#xA;    tcp_test.go:103:    FAILURE: Expected return message hello, but failed on port 9002; expected to find the string &#39;connection succeeded&#39; in the output, but it wasn&#39;t found&#xA;    tcp_test.go:53:    --- Attempt 107/120 failed. Retrying...&#xA;    tcp_test.go:103:    FAILURE: Expected return message hello, but failed on port 9002; expected to find the string &#39;connection succeeded&#39; in the output, but it wasn&#39;t found&#xA;    tcp_test.go:53:    --- Attempt 108/120 failed. Retrying...&#xA;    tcp_test.go:103:    FAILURE: Expected return message hello, but failed on port 9002; expected to find the string &#39;connection succeeded&#39; in the output, but it wasn&#39;t found&#xA;    tcp_test.go:53:    --- Attempt 109/120 failed. Retrying...&#xA;    tcp_test.go:103:    FAILURE: Expected return message hello, but failed on port 9002; expected to find the string &#39;connection succeeded&#39; in the output, but it wasn&#39;t found&#xA;    tcp_test.go:53:    --- Attempt 110/120 failed. Retrying...&#xA;    tcp_test.go:103:    FAILURE: Expected return message hello, but failed on port 9002; expected to find the string &#39;connection succeeded&#39; in the output, but it wasn&#39;t found&#xA;    tcp_test.go:53:    --- Attempt 111/120 failed. Retrying...&#xA;    tcp_test.go:103:    FAILURE: Expected return message hello, but failed on port 9002; expected to find the string &#39;connection succeeded&#39; in the output, but it wasn&#39;t found&#xA;    tcp_test.go:53:    --- Attempt 112/120 failed. Retrying...&#xA;    tcp_test.go:103:    FAILURE: Expected return message hello, but failed on port 9002; expected to find the string &#39;connection succeeded&#39; in the output, but it wasn&#39;t found&#xA;    tcp_test.go:53:    --- Attempt 113/120 failed. Retrying...&#xA;    tcp_test.go:103:    FAILURE: Expected return message hello, but failed on port 9002; expected to find the string &#39;connection succeeded&#39; in the output, but it wasn&#39;t found&#xA;    tcp_test.go:53:    --- Attempt 114/120 failed. Retrying...&#xA;    tcp_test.go:103:    FAILURE: Expected return message hello, but failed on port 9002; expected to find the string &#39;connection succeeded&#39; in the output, but it wasn&#39;t found&#xA;    tcp_test.go:53:    --- Attempt 115/120 failed. Retrying...&#xA;    tcp_test.go:103:    FAILURE: Expected return message hello, but failed on port 9002; expected to find the string &#39;connection succeeded&#39; in the output, but it wasn&#39;t found&#xA;    tcp_test.go:53:    --- Attempt 116/120 failed. Retrying...&#xA;    tcp_test.go:103:    FAILURE: Expected return message hello, but failed on port 9002; expected to find the string &#39;connection succeeded&#39; in the output, but it wasn&#39;t found&#xA;    tcp_test.go:53:    --- Attempt 117/120 failed. Retrying...&#xA;    tcp_test.go:103:    FAILURE: Expected return message hello, but failed on port 9002; expected to find the string &#39;connection succeeded&#39; in the output, but it wasn&#39;t found&#xA;    tcp_test.go:53:    --- Attempt 118/120 failed. Retrying...&#xA;    tcp_test.go:103:    FAILURE: Expected return message hello, but failed on port 9002; expected to find the string &#39;connection succeeded&#39; in the output, but it wasn&#39;t found&#xA;    tcp_test.go:53:    --- Attempt 119/120 failed. Retrying...&#xA;    tcp_test.go:103:    FAILURE: Expected return message hello, but failed on port 9002; expected to find the string &#39;connection succeeded&#39; in the output, but it wasn&#39;t found; full output:&#xA;        connection rejected&#xA;    tcp_test.go:53:    Last attempt (120/120) failed.&#xA;    test.go:77: &#xA;    test.go:79: Test failed in 167.95s (excluding cleanup)&#xA;    test.go:95: Capturing cluster state using must-gather registry.redhat.io/openshift-service-mesh/istio-must-gather-rhel8:2.4&#xA;    test.go:99: /go/src/maistra-test-tool/tests/result-20230717063758/v2.4/failures-must-gather/20230717065130-TestAuthorizationTCPTraffic&#xA;    tcp_test.go:34: &#xA;    tcp_test.go:34: Performing cleanup&#xA;    tcp_test.go:35:    Deleting namespaces: [foo]&#xA;    tcp_test.go:35:    Creating namespaces: [foo]&#xA;    tcp_test.go:34: Cleanup completed in 11.87s&#xA;--- FAIL: TestAuthorizationTCPTraffic (222.81s)&#xA;=== RUN   TestAuthorizationTCPTraffic/TCP_ALLOW_policy&#xA;    tcp_test.go:61:    &#xA;    tcp_test.go:61: STEP 1: Apply a policy to allow tcp requests to port 9000 and 9001&#xA;    tcp_test.go:103:    SUCCESS: Got expected hello message on port 9000&#xA;    tcp_test.go:103:    SUCCESS: Got expected hello message on port 9001&#xA;    tcp_test.go:115:    SUCCESS: Got expected connection rejected on port 9002&#xA;    subtest.go:23: &#xA;    subtest.go:28: Subtest completed in 1.43s (excluding cleanup)&#xA;    tcp_test.go:58: &#xA;    tcp_test.go:58: Performing cleanup&#xA;    tcp_test.go:58: Cleanup completed in 0.09s&#xA;--- PASS: TestAuthorizationTCPTraffic/TCP_ALLOW_policy (1.52s)&#xA;=== RUN   TestAuthorizationTCPTraffic/TCP_invalid_policy&#xA;    tcp_test.go:78:    &#xA;    tcp_test.go:78: STEP 1: Apply an invalid policy to allow requests to port 9000 and add an HTTP GET field&#xA;    tcp_test.go:115:    SUCCESS: Got expected connection rejected on port 9000&#xA;    tcp_test.go:115:    SUCCESS: Got expected connection rejected on port 9001&#xA;    subtest.go:23: &#xA;    subtest.go:28: Subtest completed in 1.14s (excluding cleanup)&#xA;    tcp_test.go:75: &#xA;    tcp_test.go:75: Performing cleanup&#xA;    tcp_test.go:75: Cleanup completed in 0.06s&#xA;--- PASS: TestAuthorizationTCPTraffic/TCP_invalid_policy (1.21s)&#xA;=== RUN   TestAuthorizationTCPTraffic/TCP_deny_policy&#xA;    tcp_test.go:91:    &#xA;    tcp_test.go:91: STEP 1: Apply a policy to deny tcp requests to port 9000&#xA;    tcp_test.go:115:    SUCCESS: Got expected connection rejected on port 9000&#xA;    tcp_test.go:103:    SUCCESS: Got expected hello message on port 9001&#xA;    subtest.go:23: &#xA;    subtest.go:28: Subtest completed in 0.92s (excluding cleanup)&#xA;    tcp_test.go:88: &#xA;    tcp_test.go:88: Performing cleanup&#xA;    tcp_test.go:88: Cleanup completed in 0.06s&#xA;--- PASS: TestAuthorizationTCPTraffic/TCP_deny_policy (0.99s)&#xA;</failure>
		</testcase>
		<testcase classname="pkg/tests/tasks/security/authorization" name="v2.4/TestAuthorizationDenyAllow/explicitly_deny_request" time="2.110000"></testcase>
		<testcase classname="pkg/tests/tasks/security/authorization" name="v2.4/TestAuthorizationDenyAllow/deny_request_header" time="2.000000"></testcase>
		<testcase classname="pkg/tests/tasks/security/authorization" name="v2.4/TestAuthorizationDenyAllow/allow_request_path" time="2.640000"></testcase>
		<testcase classname="pkg/tests/tasks/security/authorization" name="v2.4/TestAuthorizationDenyAllow" time="35.240000"></testcase>
		<testcase classname="pkg/tests/tasks/security/authorization" name="v2.4/TestEnvoyExtAuthzHttpExtensionProvider" time="18.230000"></testcase>
		<testcase classname="pkg/tests/tasks/security/authorization" name="v2.4/TestEnvoyExtAuthzGrpcExtensionProvider" time="17.950000"></testcase>
		<testcase classname="pkg/tests/tasks/security/authorization" name="v2.4/TestAuthorizationHTTPTraffic/deny_all_http_traffic_to_bookinfo" time="1.810000"></testcase>
		<testcase classname="pkg/tests/tasks/security/authorization" name="v2.4/TestAuthorizationHTTPTraffic/only_allow_HTTP_GET_request_to_the_productpage_workload" time="1.810000"></testcase>
		<testcase classname="pkg/tests/tasks/security/authorization" name="v2.4/TestAuthorizationHTTPTraffic/allow_HTTP_GET_requests_to_all_bookinfo_workloads" time="2.190000"></testcase>
		<testcase classname="pkg/tests/tasks/security/authorization" name="v2.4/TestAuthorizationHTTPTraffic" time="41.640000"></testcase>
		<testcase classname="pkg/tests/tasks/security/authorization" name="v2.4/TestAuthorizationJWT/Allow_requests_with_valid_JWT_and_list-typed_claims" time="0.460000"></testcase>
		<testcase classname="pkg/tests/tasks/security/authorization" name="v2.4/TestAuthorizationJWT/Security_authorization_allow_JWT_requestPrincipal" time="2.040000"></testcase>
		<testcase classname="pkg/tests/tasks/security/authorization" name="v2.4/TestAuthorizationJWT/Security_authorization_allow_JWT_claims_group" time="0.800000"></testcase>
		<testcase classname="pkg/tests/tasks/security/authorization" name="v2.4/TestAuthorizationJWT" time="32.560000"></testcase>
		<testcase classname="pkg/tests/tasks/security/authorization" name="v2.4/TestAuthorizationTCPTraffic/TCP_ALLOW_policy" time="1.520000"></testcase>
		<testcase classname="pkg/tests/tasks/security/authorization" name="v2.4/TestAuthorizationTCPTraffic/TCP_invalid_policy" time="1.210000"></testcase>
		<testcase classname="pkg/tests/tasks/security/authorization" name="v2.4/TestAuthorizationTCPTraffic/TCP_deny_policy" time="0.990000"></testcase>
		<testcase classname="pkg/tests/tasks/security/authorization" name="v2.4/TestTrustDomainMigration/Case_1:_Verifying_policy_works" time="0.550000"></testcase>
		<testcase classname="pkg/tests/tasks/security/authorization" name="v2.4/TestTrustDomainMigration/Case_2:_Migrate_trust_domain_without_trust_domain_aliases" time="18.450000"></testcase>
		<testcase classname="pkg/tests/tasks/security/authorization" name="v2.4/TestTrustDomainMigration/Case_3:_Migrate_trust_domain_with_trust_domain_aliases" time="24.080000"></testcase>
		<testcase classname="pkg/tests/tasks/security/authorization" name="v2.4/TestTrustDomainMigration" time="65.510000"></testcase>
		<testcase classname="pkg/tests/tasks/security/authorization" name="v2.4/TestAuthorizationTCPTraffic/TCP_ALLOW_policy" time="1.000000"></testcase>
		<testcase classname="pkg/tests/tasks/security/authorization" name="v2.4/TestAuthorizationTCPTraffic/TCP_invalid_policy" time="0.810000"></testcase>
		<testcase classname="pkg/tests/tasks/security/authorization" name="v2.4/TestAuthorizationTCPTraffic/TCP_deny_policy" time="0.810000"></testcase>
		<testcase classname="pkg/tests/tasks/security/authorization" name="v2.4/TestAuthorizationTCPTraffic" time="54.660000"></testcase>
	</testsuite>
	<testsuite tests="1" failures="0" time="131.524000" name="pkg/tests/tasks/security/certificate" timestamp="2023-07-17T06:37:58Z">
		<properties>
			<property name="go.version" value="go1.20.3 linux/amd64"></property>
		</properties>
		<testcase classname="pkg/tests/tasks/security/certificate" name="v2.4/TestExternalCertificate" time="131.160000"></testcase>
	</testsuite>
	<testsuite tests="2" failures="0" time="186.954000" name="pkg/tests/tasks/security/certmanager" timestamp="2023-07-17T06:37:58Z">
		<properties>
			<property name="go.version" value="go1.20.3 linux/amd64"></property>
		</properties>
		<testcase classname="pkg/tests/tasks/security/certmanager" name="v2.4/TestIstioCsr" time="125.720000"></testcase>
		<testcase classname="pkg/tests/tasks/security/certmanager" name="v2.4/TestPluginCaCert" time="60.930000"></testcase>
	</testsuite>
	<testsuite tests="17" failures="0" time="253.854000" name="pkg/tests/tasks/traffic" timestamp="2023-07-17T06:37:58Z">
		<properties>
			<property name="go.version" value="go1.20.3 linux/amd64"></property>
		</properties>
		<testcase classname="pkg/tests/tasks/traffic" name="v2.4/TestCircuitBreaking" time="45.770000"></testcase>
		<testcase classname="pkg/tests/tasks/traffic" name="v2.4/TestFaultInjection/ratings-fault-delay" time="16.290000"></testcase>
		<testcase classname="pkg/tests/tasks/traffic" name="v2.4/TestFaultInjection/ratings-fault-abort" time="0.470000"></testcase>
		<testcase classname="pkg/tests/tasks/traffic" name="v2.4/TestFaultInjection" time="43.300000"></testcase>
		<testcase classname="pkg/tests/tasks/traffic" name="v2.4/TestRequestRouting/not-logged-in" time="7.740000"></testcase>
		<testcase classname="pkg/tests/tasks/traffic" name="v2.4/TestRequestRouting/logged-in" time="1.830000"></testcase>
		<testcase classname="pkg/tests/tasks/traffic" name="v2.4/TestRequestRouting" time="33.610000"></testcase>
		<testcase classname="pkg/tests/tasks/traffic" name="v2.4/TestRequestTimeouts" time="39.220000"></testcase>
		<testcase classname="pkg/tests/tasks/traffic" name="v2.4/TestMirroring/no_mirroring" time="0.880000"></testcase>
		<testcase classname="pkg/tests/tasks/traffic" name="v2.4/TestMirroring/mirroring_to_httpbin-v2" time="0.890000"></testcase>
		<testcase classname="pkg/tests/tasks/traffic" name="v2.4/TestMirroring" time="31.250000"></testcase>
		<testcase classname="pkg/tests/tasks/traffic" name="v2.4/TestTrafficShifting/50_percent_to_v3" time="11.430000"></testcase>
		<testcase classname="pkg/tests/tasks/traffic" name="v2.4/TestTrafficShifting/100_percent_to_v3" time="10.410000"></testcase>
		<testcase classname="pkg/tests/tasks/traffic" name="v2.4/TestTrafficShifting" time="47.240000"></testcase>
		<testcase classname="pkg/tests/tasks/traffic" name="v2.4/TestTcpTrafficShifting/tcp_shift_100_percent_to_v1" time="0.670000"></testcase>
		<testcase classname="pkg/tests/tasks/traffic" name="v2.4/TestTcpTrafficShifting/tcp_shift_20_percent_to_v2" time="0.790000"></testcase>
		<testcase classname="pkg/tests/tasks/traffic" name="v2.4/TestTcpTrafficShifting" time="13.170000"></testcase>
	</testsuite>
	<testsuite tests="14" failures="0" time="145.379000" name="pkg/tests/tasks/traffic/egress" timestamp="2023-07-17T06:37:58Z">
		<properties>
			<property name="go.version" value="go1.20.3 linux/amd64"></property>
		</properties>
		<testcase classname="pkg/tests/tasks/traffic/egress" name="v2.4/TestAccessExternalServices/allow_request_to_external_httpbin_after_applying_ServiceEntry" time="0.580000"></testcase>
		<testcase classname="pkg/tests/tasks/traffic/egress" name="v2.4/TestAccessExternalServices" time="15.220000"></testcase>
		<testcase classname="pkg/tests/tasks/traffic/egress" name="v2.4/TestEgressGateways/HTTP" time="1.380000"></testcase>
		<testcase classname="pkg/tests/tasks/traffic/egress" name="v2.4/TestEgressGateways/HTTPS" time="5.590000"></testcase>
		<testcase classname="pkg/tests/tasks/traffic/egress" name="v2.4/TestEgressGateways" time="30.040000"></testcase>
		<testcase classname="pkg/tests/tasks/traffic/egress" name="v2.4/TestTLSOrigination/Egress_Gateway_without_file_mount" time="2.350000"></testcase>
		<testcase classname="pkg/tests/tasks/traffic/egress" name="v2.4/TestTLSOrigination/mTLS_with_file_mount" time="9.660000"></testcase>
		<testcase classname="pkg/tests/tasks/traffic/egress" name="v2.4/TestTLSOrigination" time="22.620000"></testcase>
		<testcase classname="pkg/tests/tasks/traffic/egress" name="v2.4/TestTLSOriginationSDS" time="38.840000"></testcase>
		<testcase classname="pkg/tests/tasks/traffic/egress" name="v2.4/TestEgressTLSOrigination/TrafficManagement_egress_tls_origination" time="7.540000"></testcase>
		<testcase classname="pkg/tests/tasks/traffic/egress" name="v2.4/TestEgressTLSOrigination" time="24.890000"></testcase>
		<testcase classname="pkg/tests/tasks/traffic/egress" name="v2.4/TestEgressWildcard/ServiceEntry" time="1.110000"></testcase>
		<testcase classname="pkg/tests/tasks/traffic/egress" name="v2.4/TestEgressWildcard/Gateway" time="1.110000"></testcase>
		<testcase classname="pkg/tests/tasks/traffic/egress" name="v2.4/TestEgressWildcard" time="13.480000"></testcase>
	</testsuite>
	<testsuite tests="11" failures="0" time="209.030000" name="pkg/tests/tasks/traffic/ingress" timestamp="2023-07-17T06:37:58Z">
		<properties>
			<property name="go.version" value="go1.20.3 linux/amd64"></property>
		</properties>
		<testcase classname="pkg/tests/tasks/traffic/ingress" name="v2.4/TestGatewayApi/Deploy_the_Kubernetes_Gateway_API" time="44.490000"></testcase>
		<testcase classname="pkg/tests/tasks/traffic/ingress" name="v2.4/TestGatewayApi/Deploy_the_Gateway-Controller_Profile" time="49.010000"></testcase>
		<testcase classname="pkg/tests/tasks/traffic/ingress" name="v2.4/TestGatewayApi" time="103.840000"></testcase>
		<testcase classname="pkg/tests/tasks/traffic/ingress" name="v2.4/TestIngressGateways/TrafficManagement_ingress_status_200_test" time="4.430000"></testcase>
		<testcase classname="pkg/tests/tasks/traffic/ingress" name="v2.4/TestIngressGateways/TrafficManagement_ingress_headers_test" time="1.380000"></testcase>
		<testcase classname="pkg/tests/tasks/traffic/ingress" name="v2.4/TestIngressGateways" time="49.040000"></testcase>
		<testcase classname="pkg/tests/tasks/traffic/ingress" name="v2.4/TestIngressWithoutTlsTermination" time="15.750000"></testcase>
		<testcase classname="pkg/tests/tasks/traffic/ingress" name="v2.4/TestSecureGateways/tls_single_host" time="1.340000"></testcase>
		<testcase classname="pkg/tests/tasks/traffic/ingress" name="v2.4/TestSecureGateways/tls_multiple_hosts" time="4.510000"></testcase>
		<testcase classname="pkg/tests/tasks/traffic/ingress" name="v2.4/TestSecureGateways/mutual_tls" time="1.440000"></testcase>
		<testcase classname="pkg/tests/tasks/traffic/ingress" name="v2.4/TestSecureGateways" time="40.090000"></testcase>
	</testsuite>
</testsuites>
